============================= test session starts ==============================
platform linux -- Python 3.12.3, pytest-9.1.1, pluggy-1.6.0
rootdir: /home/amit/projects/docusync-ai
configfile: pyproject.toml
testpaths: tests
plugins: anyio-4.14.2
collected 25 items

tests/test_api_endpoints.py ..                                           [  8%]
tests/test_audit_engine.py ......                                        [ 32%]
tests/test_auth_and_exports.py ..                                        [ 40%]
tests/test_client_portal.py .                                            [ 44%]
tests/test_security_hardening.py ..............                          [100%]

============================== 25 passed in 3.17s ==============================
